[23:21:03] [Server thread/INFO]: Starting minecraft server version 1.8.8
[23:21:03] [Server thread/INFO]: Loading properties
[23:21:03] [Server thread/INFO]: Default game type: SURVIVAL
[23:21:03] [Server thread/INFO]: This server is running CraftBukkit version git-Spigot-db6de12-3f3c65f (MC: 1.8.8) (Implementing API version 1.8.8-R0.1-SNAPSHOT)
[23:21:03] [Server thread/INFO]: Server Ping Player Sample Count: 12
[23:21:03] [Server thread/INFO]: Using 4 threads for Netty based IO
[23:21:03] [Server thread/INFO]: Debug logging is disabled
[23:21:03] [Server thread/INFO]: Generating keypair
[23:21:03] [Server thread/INFO]: Starting Minecraft server on *:25565
[23:21:03] [Server thread/INFO]: Using epoll channel type
[23:21:04] [Server thread/INFO]: **** Beginning UUID conversion, this may take A LONG time ****
[23:21:04] [Server thread/INFO]: Preparing level "world"
[23:21:04] [Server thread/INFO]: -------- World Settings For [world] --------
[23:21:04] [Server thread/INFO]: Anti X-Ray: true
[23:21:04] [Server thread/INFO]: 	Engine Mode: 1
[23:21:04] [Server thread/INFO]: 	Hidden Blocks: [14, 15, 16, 21, 48, 49, 54, 56, 73, 74, 82, 129, 130]
[23:21:04] [Server thread/INFO]: 	Replace Blocks: [1, 5]
[23:21:04] [Server thread/INFO]: Mob Spawn Range: 4
[23:21:04] [Server thread/INFO]: Nerfing mobs spawned from spawners: false
[23:21:04] [Server thread/INFO]: Cactus Growth Modifier: 100%
[23:21:04] [Server thread/INFO]: Cane Growth Modifier: 100%
[23:21:04] [Server thread/INFO]: Melon Growth Modifier: 100%
[23:21:04] [Server thread/INFO]: Mushroom Growth Modifier: 100%
[23:21:04] [Server thread/INFO]: Pumpkin Growth Modifier: 100%
[23:21:04] [Server thread/INFO]: Sapling Growth Modifier: 100%
[23:21:04] [Server thread/INFO]: Wheat Growth Modifier: 100%
[23:21:04] [Server thread/INFO]: NetherWart Growth Modifier: 100%
[23:21:04] [Server thread/INFO]: Entity Activation Range: An 32 / Mo 32 / Mi 16
[23:21:04] [Server thread/INFO]: Entity Tracking Range: Pl 48 / An 48 / Mo 48 / Mi 32 / Other 64
[23:21:04] [Server thread/INFO]: Hopper Transfer: 8 Hopper Check: 8 Hopper Amount: 1
[23:21:04] [Server thread/INFO]: Random Lighting Updates: false
[23:21:04] [Server thread/INFO]: Structure Info Saving: true
[23:21:04] [Server thread/INFO]: Sending up to 10 chunks per packet
[23:21:04] [Server thread/INFO]: Max Entity Collisions: 8
[23:21:04] [Server thread/INFO]: Custom Map Seeds:  Village: 10387312 Feature: 14357617
[23:21:04] [Server thread/INFO]: Max TNT Explosions: 100
[23:21:04] [Server thread/INFO]: Tile Max Tick Time: 50ms Entity max Tick Time: 50ms
[23:21:04] [Server thread/INFO]: Item Despawn Rate: 6000
[23:21:04] [Server thread/INFO]: Item Merge Radius: 2.5
[23:21:04] [Server thread/INFO]: Arrow Despawn Rate: 1200
[23:21:04] [Server thread/INFO]: Allow Zombie Pigmen to spawn from portal blocks: true
[23:21:04] [Server thread/INFO]: View Distance: 10
[23:21:04] [Server thread/INFO]: Zombie Aggressive Towards Villager: true
[23:21:04] [Server thread/INFO]: Chunks to Grow per Tick: 650
[23:21:04] [Server thread/INFO]: Clear tick list: false
[23:21:04] [Server thread/INFO]: Experience Merge Radius: 3.0
[23:21:04] [Server thread/INFO]: ---- Migration of old nether folder required ----
[23:21:04] [Server thread/INFO]: Unfortunately due to the way that Minecraft implemented multiworld support in 1.6, Bukkit requires that you move your nether folder to a new location in order to operate correctly.
[23:21:04] [Server thread/INFO]: We will move this folder for you, but it will mean that you need to move it back should you wish to stop using Bukkit in the future.
[23:21:04] [Server thread/INFO]: Attempting to move world/DIM-1 to world_nether/DIM-1...
[23:21:04] [Server thread/INFO]: Success! To restore nether in the future, simply move world_nether/DIM-1 to world/DIM-1
[23:21:04] [Server thread/INFO]: ---- Migration of old nether folder complete ----
[23:21:04] [Server thread/INFO]: -------- World Settings For [world_nether] --------
[23:21:04] [Server thread/INFO]: Anti X-Ray: true
[23:21:04] [Server thread/INFO]: 	Engine Mode: 1
[23:21:04] [Server thread/INFO]: 	Hidden Blocks: [14, 15, 16, 21, 48, 49, 54, 56, 73, 74, 82, 129, 130]
[23:21:04] [Server thread/INFO]: 	Replace Blocks: [1, 5]
[23:21:04] [Server thread/INFO]: Mob Spawn Range: 4
[23:21:04] [Server thread/INFO]: Nerfing mobs spawned from spawners: false
[23:21:04] [Server thread/INFO]: Cactus Growth Modifier: 100%
[23:21:04] [Server thread/INFO]: Cane Growth Modifier: 100%
[23:21:04] [Server thread/INFO]: Melon Growth Modifier: 100%
[23:21:04] [Server thread/INFO]: Mushroom Growth Modifier: 100%
[23:21:04] [Server thread/INFO]: Pumpkin Growth Modifier: 100%
[23:21:04] [Server thread/INFO]: Sapling Growth Modifier: 100%
[23:21:04] [Server thread/INFO]: Wheat Growth Modifier: 100%
[23:21:04] [Server thread/INFO]: NetherWart Growth Modifier: 100%
[23:21:04] [Server thread/INFO]: Entity Activation Range: An 32 / Mo 32 / Mi 16
[23:21:04] [Server thread/INFO]: Entity Tracking Range: Pl 48 / An 48 / Mo 48 / Mi 32 / Other 64
[23:21:04] [Server thread/INFO]: Hopper Transfer: 8 Hopper Check: 8 Hopper Amount: 1
[23:21:04] [Server thread/INFO]: Random Lighting Updates: false
[23:21:04] [Server thread/INFO]: Structure Info Saving: true
[23:21:04] [Server thread/INFO]: Sending up to 10 chunks per packet
[23:21:04] [Server thread/INFO]: Max Entity Collisions: 8
[23:21:04] [Server thread/INFO]: Custom Map Seeds:  Village: 10387312 Feature: 14357617
[23:21:04] [Server thread/INFO]: Max TNT Explosions: 100
[23:21:04] [Server thread/INFO]: Tile Max Tick Time: 50ms Entity max Tick Time: 50ms
[23:21:04] [Server thread/INFO]: Item Despawn Rate: 6000
[23:21:04] [Server thread/INFO]: Item Merge Radius: 2.5
[23:21:04] [Server thread/INFO]: Arrow Despawn Rate: 1200
[23:21:04] [Server thread/INFO]: Allow Zombie Pigmen to spawn from portal blocks: true
[23:21:04] [Server thread/INFO]: View Distance: 10
[23:21:04] [Server thread/INFO]: Zombie Aggressive Towards Villager: true
[23:21:04] [Server thread/INFO]: Chunks to Grow per Tick: 650
[23:21:04] [Server thread/INFO]: Clear tick list: false
[23:21:04] [Server thread/INFO]: Experience Merge Radius: 3.0
[23:21:04] [Server thread/INFO]: ---- Migration of old the_end folder required ----
[23:21:04] [Server thread/INFO]: Unfortunately due to the way that Minecraft implemented multiworld support in 1.6, Bukkit requires that you move your the_end folder to a new location in order to operate correctly.
[23:21:04] [Server thread/INFO]: We will move this folder for you, but it will mean that you need to move it back should you wish to stop using Bukkit in the future.
[23:21:04] [Server thread/INFO]: Attempting to move world/DIM1 to world_the_end/DIM1...
[23:21:04] [Server thread/INFO]: Success! To restore the_end in the future, simply move world_the_end/DIM1 to world/DIM1
[23:21:04] [Server thread/INFO]: ---- Migration of old the_end folder complete ----
[23:21:04] [Server thread/INFO]: -------- World Settings For [world_the_end] --------
[23:21:04] [Server thread/INFO]: Anti X-Ray: true
[23:21:04] [Server thread/INFO]: 	Engine Mode: 1
[23:21:04] [Server thread/INFO]: 	Hidden Blocks: [14, 15, 16, 21, 48, 49, 54, 56, 73, 74, 82, 129, 130]
[23:21:04] [Server thread/INFO]: 	Replace Blocks: [1, 5]
[23:21:04] [Server thread/INFO]: Mob Spawn Range: 4
[23:21:04] [Server thread/INFO]: Nerfing mobs spawned from spawners: false
[23:21:04] [Server thread/INFO]: Cactus Growth Modifier: 100%
[23:21:04] [Server thread/INFO]: Cane Growth Modifier: 100%
[23:21:04] [Server thread/INFO]: Melon Growth Modifier: 100%
[23:21:04] [Server thread/INFO]: Mushroom Growth Modifier: 100%
[23:21:04] [Server thread/INFO]: Pumpkin Growth Modifier: 100%
[23:21:04] [Server thread/INFO]: Sapling Growth Modifier: 100%
[23:21:04] [Server thread/INFO]: Wheat Growth Modifier: 100%
[23:21:04] [Server thread/INFO]: NetherWart Growth Modifier: 100%
[23:21:04] [Server thread/INFO]: Entity Activation Range: An 32 / Mo 32 / Mi 16
[23:21:04] [Server thread/INFO]: Entity Tracking Range: Pl 48 / An 48 / Mo 48 / Mi 32 / Other 64
[23:21:04] [Server thread/INFO]: Hopper Transfer: 8 Hopper Check: 8 Hopper Amount: 1
[23:21:04] [Server thread/INFO]: Random Lighting Updates: false
[23:21:04] [Server thread/INFO]: Structure Info Saving: true
[23:21:04] [Server thread/INFO]: Sending up to 10 chunks per packet
[23:21:04] [Server thread/INFO]: Max Entity Collisions: 8
[23:21:04] [Server thread/INFO]: Custom Map Seeds:  Village: 10387312 Feature: 14357617
[23:21:04] [Server thread/INFO]: Max TNT Explosions: 100
[23:21:04] [Server thread/INFO]: Tile Max Tick Time: 50ms Entity max Tick Time: 50ms
[23:21:04] [Server thread/INFO]: Item Despawn Rate: 6000
[23:21:04] [Server thread/INFO]: Item Merge Radius: 2.5
[23:21:04] [Server thread/INFO]: Arrow Despawn Rate: 1200
[23:21:04] [Server thread/INFO]: Allow Zombie Pigmen to spawn from portal blocks: true
[23:21:04] [Server thread/INFO]: View Distance: 10
[23:21:04] [Server thread/INFO]: Zombie Aggressive Towards Villager: true
[23:21:04] [Server thread/INFO]: Chunks to Grow per Tick: 650
[23:21:04] [Server thread/INFO]: Clear tick list: false
[23:21:04] [Server thread/INFO]: Experience Merge Radius: 3.0
[23:21:04] [Server thread/INFO]: Preparing start region for level 0 (Seed: 4748228985688157039)
[23:21:05] [Server thread/INFO]: Preparing spawn area: 31%
[23:21:06] [Server thread/INFO]: Preparing start region for level 1 (Seed: 4748228985688157039)
[23:21:07] [Server thread/INFO]: Preparing spawn area: 4%
[23:21:08] [Server thread/INFO]: Preparing spawn area: 15%
[23:21:09] [Server thread/INFO]: Preparing spawn area: 44%
[23:21:10] [Server thread/INFO]: Preparing spawn area: 68%
[23:21:11] [Server thread/INFO]: Preparing start region for level 2 (Seed: 4748228985688157039)
[23:21:12] [Server thread/INFO]: Preparing spawn area: 47%
[23:21:13] [Server thread/INFO]: Preparing spawn area: 95%
[23:21:13] [Server thread/INFO]: Done (9.550s)! For help, type "help" or "?"
[23:31:29] [User Authenticator #1/INFO]: UUID of player jay350D is d56e3c7b-354d-41d0-8f0f-91b8fbe06dfd
[23:31:30] [Server thread/INFO]: jay350D[/10.0.2.2:52641] logged in with entity id 19 at ([world]-68.5, 63.0, 206.5)
